<?xml version="1.0" encoding="UTF-8"?>
<testsuite xmlns:xsi="http://www.w3.org/2001/XMLSchema-instance" xsi:noNamespaceSchemaLocation="https://maven.apache.org/surefire/maven-surefire-plugin/xsd/surefire-test-report.xsd" name="com.pingan.SpringbootFileApplicationTests" time="3.785" tests="2" errors="0" skipped="0" failures="0">
  <properties>
    <property name="sun.desktop" value="windows"/>
    <property name="awt.toolkit" value="sun.awt.windows.WToolkit"/>
    <property name="file.encoding.pkg" value="sun.io"/>
    <property name="java.specification.version" value="1.8"/>
    <property name="sun.cpu.isalist" value="amd64"/>
    <property name="sun.jnu.encoding" value="GBK"/>
    <property name="java.class.path" value="E:\IdeaProjects\springboot-file\target\test-classes;E:\IdeaProjects\springboot-file\target\classes;E:\mavenrepository\org\springframework\boot\spring-boot-starter-web\2.2.7.RELEASE\spring-boot-starter-web-2.2.7.RELEASE.jar;E:\mavenrepository\org\springframework\boot\spring-boot-starter\2.2.7.RELEASE\spring-boot-starter-2.2.7.RELEASE.jar;E:\mavenrepository\org\springframework\boot\spring-boot\2.2.7.RELEASE\spring-boot-2.2.7.RELEASE.jar;E:\mavenrepository\org\springframework\boot\spring-boot-autoconfigure\2.2.7.RELEASE\spring-boot-autoconfigure-2.2.7.RELEASE.jar;E:\mavenrepository\org\springframework\boot\spring-boot-starter-logging\2.2.7.RELEASE\spring-boot-starter-logging-2.2.7.RELEASE.jar;E:\mavenrepository\ch\qos\logback\logback-classic\1.2.3\logback-classic-1.2.3.jar;E:\mavenrepository\ch\qos\logback\logback-core\1.2.3\logback-core-1.2.3.jar;E:\mavenrepository\org\apache\logging\log4j\log4j-to-slf4j\2.12.1\log4j-to-slf4j-2.12.1.jar;E:\mavenrepository\org\apache\logging\log4j\log4j-api\2.12.1\log4j-api-2.12.1.jar;E:\mavenrepository\org\slf4j\jul-to-slf4j\1.7.30\jul-to-slf4j-1.7.30.jar;E:\mavenrepository\jakarta\annotation\jakarta.annotation-api\1.3.5\jakarta.annotation-api-1.3.5.jar;E:\mavenrepository\org\yaml\snakeyaml\1.25\snakeyaml-1.25.jar;E:\mavenrepository\org\springframework\boot\spring-boot-starter-json\2.2.7.RELEASE\spring-boot-starter-json-2.2.7.RELEASE.jar;E:\mavenrepository\com\fasterxml\jackson\core\jackson-databind\2.10.4\jackson-databind-2.10.4.jar;E:\mavenrepository\com\fasterxml\jackson\core\jackson-annotations\2.10.4\jackson-annotations-2.10.4.jar;E:\mavenrepository\com\fasterxml\jackson\core\jackson-core\2.10.4\jackson-core-2.10.4.jar;E:\mavenrepository\com\fasterxml\jackson\datatype\jackson-datatype-jdk8\2.10.4\jackson-datatype-jdk8-2.10.4.jar;E:\mavenrepository\com\fasterxml\jackson\datatype\jackson-datatype-jsr310\2.10.4\jackson-datatype-jsr310-2.10.4.jar;E:\mavenrepository\com\fasterxml\jackson\module\jackson-module-parameter-names\2.10.4\jackson-module-parameter-names-2.10.4.jar;E:\mavenrepository\org\springframework\boot\spring-boot-starter-tomcat\2.2.7.RELEASE\spring-boot-starter-tomcat-2.2.7.RELEASE.jar;E:\mavenrepository\org\apache\tomcat\embed\tomcat-embed-core\9.0.34\tomcat-embed-core-9.0.34.jar;E:\mavenrepository\org\apache\tomcat\embed\tomcat-embed-el\9.0.34\tomcat-embed-el-9.0.34.jar;E:\mavenrepository\org\apache\tomcat\embed\tomcat-embed-websocket\9.0.34\tomcat-embed-websocket-9.0.34.jar;E:\mavenrepository\org\springframework\boot\spring-boot-starter-validation\2.2.7.RELEASE\spring-boot-starter-validation-2.2.7.RELEASE.jar;E:\mavenrepository\jakarta\validation\jakarta.validation-api\2.0.2\jakarta.validation-api-2.0.2.jar;E:\mavenrepository\org\hibernate\validator\hibernate-validator\6.0.19.Final\hibernate-validator-6.0.19.Final.jar;E:\mavenrepository\org\jboss\logging\jboss-logging\3.4.1.Final\jboss-logging-3.4.1.Final.jar;E:\mavenrepository\com\fasterxml\classmate\1.5.1\classmate-1.5.1.jar;E:\mavenrepository\org\springframework\spring-web\5.2.6.RELEASE\spring-web-5.2.6.RELEASE.jar;E:\mavenrepository\org\springframework\spring-beans\5.2.6.RELEASE\spring-beans-5.2.6.RELEASE.jar;E:\mavenrepository\org\springframework\spring-webmvc\5.2.6.RELEASE\spring-webmvc-5.2.6.RELEASE.jar;E:\mavenrepository\org\springframework\spring-aop\5.2.6.RELEASE\spring-aop-5.2.6.RELEASE.jar;E:\mavenrepository\org\springframework\spring-context\5.2.6.RELEASE\spring-context-5.2.6.RELEASE.jar;E:\mavenrepository\org\springframework\spring-expression\5.2.6.RELEASE\spring-expression-5.2.6.RELEASE.jar;E:\mavenrepository\org\springframework\boot\spring-boot-starter-test\2.2.7.RELEASE\spring-boot-starter-test-2.2.7.RELEASE.jar;E:\mavenrepository\org\springframework\boot\spring-boot-test\2.2.7.RELEASE\spring-boot-test-2.2.7.RELEASE.jar;E:\mavenrepository\org\springframework\boot\spring-boot-test-autoconfigure\2.2.7.RELEASE\spring-boot-test-autoconfigure-2.2.7.RELEASE.jar;E:\mavenrepository\com\jayway\jsonpath\json-path\2.4.0\json-path-2.4.0.jar;E:\mavenrepository\net\minidev\json-smart\2.3\json-smart-2.3.jar;E:\mavenrepository\net\minidev\accessors-smart\1.2\accessors-smart-1.2.jar;E:\mavenrepository\org\ow2\asm\asm\5.0.4\asm-5.0.4.jar;E:\mavenrepository\org\slf4j\slf4j-api\1.7.30\slf4j-api-1.7.30.jar;E:\mavenrepository\jakarta\xml\bind\jakarta.xml.bind-api\2.3.3\jakarta.xml.bind-api-2.3.3.jar;E:\mavenrepository\jakarta\activation\jakarta.activation-api\1.2.2\jakarta.activation-api-1.2.2.jar;E:\mavenrepository\org\junit\jupiter\junit-jupiter\5.5.2\junit-jupiter-5.5.2.jar;E:\mavenrepository\org\junit\jupiter\junit-jupiter-api\5.5.2\junit-jupiter-api-5.5.2.jar;E:\mavenrepository\org\opentest4j\opentest4j\1.2.0\opentest4j-1.2.0.jar;E:\mavenrepository\org\junit\platform\junit-platform-commons\1.5.2\junit-platform-commons-1.5.2.jar;E:\mavenrepository\org\junit\jupiter\junit-jupiter-params\5.5.2\junit-jupiter-params-5.5.2.jar;E:\mavenrepository\org\junit\jupiter\junit-jupiter-engine\5.5.2\junit-jupiter-engine-5.5.2.jar;E:\mavenrepository\org\junit\vintage\junit-vintage-engine\5.5.2\junit-vintage-engine-5.5.2.jar;E:\mavenrepository\org\apiguardian\apiguardian-api\1.1.0\apiguardian-api-1.1.0.jar;E:\mavenrepository\org\junit\platform\junit-platform-engine\1.5.2\junit-platform-engine-1.5.2.jar;E:\mavenrepository\junit\junit\4.12\junit-4.12.jar;E:\mavenrepository\org\mockito\mockito-junit-jupiter\3.1.0\mockito-junit-jupiter-3.1.0.jar;E:\mavenrepository\org\assertj\assertj-core\3.13.2\assertj-core-3.13.2.jar;E:\mavenrepository\org\hamcrest\hamcrest\2.1\hamcrest-2.1.jar;E:\mavenrepository\org\mockito\mockito-core\3.1.0\mockito-core-3.1.0.jar;E:\mavenrepository\net\bytebuddy\byte-buddy\1.10.10\byte-buddy-1.10.10.jar;E:\mavenrepository\net\bytebuddy\byte-buddy-agent\1.10.10\byte-buddy-agent-1.10.10.jar;E:\mavenrepository\org\objenesis\objenesis\2.6\objenesis-2.6.jar;E:\mavenrepository\org\skyscreamer\jsonassert\1.5.0\jsonassert-1.5.0.jar;E:\mavenrepository\com\vaadin\external\google\android-json\0.0.20131108.vaadin1\android-json-0.0.20131108.vaadin1.jar;E:\mavenrepository\org\springframework\spring-core\5.2.6.RELEASE\spring-core-5.2.6.RELEASE.jar;E:\mavenrepository\org\springframework\spring-jcl\5.2.6.RELEASE\spring-jcl-5.2.6.RELEASE.jar;E:\mavenrepository\org\springframework\spring-test\5.2.6.RELEASE\spring-test-5.2.6.RELEASE.jar;E:\mavenrepository\org\xmlunit\xmlunit-core\2.6.4\xmlunit-core-2.6.4.jar;E:\mavenrepository\commons-io\commons-io\2.2\commons-io-2.2.jar;"/>
    <property name="java.vm.vendor" value="Oracle Corporation"/>
    <property name="sun.arch.data.model" value="64"/>
    <property name="user.variant" value=""/>
    <property name="java.vendor.url" value="http://java.oracle.com/"/>
    <property name="user.timezone" value="Asia/Shanghai"/>
    <property name="java.vm.specification.version" value="1.8"/>
    <property name="os.name" value="Windows 7"/>
    <property name="user.country" value="CN"/>
    <property name="sun.java.launcher" value="SUN_STANDARD"/>
    <property name="sun.boot.library.path" value="E:\Java\jdk1.8.0_45\jre\bin"/>
    <property name="sun.java.command" value="C:\Users\ADMINI~1\AppData\Local\Temp\surefire3031620103510419539\surefirebooter139806583464804649.jar C:\Users\Administrator\AppData\Local\Temp\surefire3031620103510419539 2020-05-11T14-44-37_451-jvmRun1 surefire3021848495790407341tmp surefire_05789747721868212564tmp"/>
    <property name="surefire.test.class.path" value="E:\IdeaProjects\springboot-file\target\test-classes;E:\IdeaProjects\springboot-file\target\classes;E:\mavenrepository\org\springframework\boot\spring-boot-starter-web\2.2.7.RELEASE\spring-boot-starter-web-2.2.7.RELEASE.jar;E:\mavenrepository\org\springframework\boot\spring-boot-starter\2.2.7.RELEASE\spring-boot-starter-2.2.7.RELEASE.jar;E:\mavenrepository\org\springframework\boot\spring-boot\2.2.7.RELEASE\spring-boot-2.2.7.RELEASE.jar;E:\mavenrepository\org\springframework\boot\spring-boot-autoconfigure\2.2.7.RELEASE\spring-boot-autoconfigure-2.2.7.RELEASE.jar;E:\mavenrepository\org\springframework\boot\spring-boot-starter-logging\2.2.7.RELEASE\spring-boot-starter-logging-2.2.7.RELEASE.jar;E:\mavenrepository\ch\qos\logback\logback-classic\1.2.3\logback-classic-1.2.3.jar;E:\mavenrepository\ch\qos\logback\logback-core\1.2.3\logback-core-1.2.3.jar;E:\mavenrepository\org\apache\logging\log4j\log4j-to-slf4j\2.12.1\log4j-to-slf4j-2.12.1.jar;E:\mavenrepository\org\apache\logging\log4j\log4j-api\2.12.1\log4j-api-2.12.1.jar;E:\mavenrepository\org\slf4j\jul-to-slf4j\1.7.30\jul-to-slf4j-1.7.30.jar;E:\mavenrepository\jakarta\annotation\jakarta.annotation-api\1.3.5\jakarta.annotation-api-1.3.5.jar;E:\mavenrepository\org\yaml\snakeyaml\1.25\snakeyaml-1.25.jar;E:\mavenrepository\org\springframework\boot\spring-boot-starter-json\2.2.7.RELEASE\spring-boot-starter-json-2.2.7.RELEASE.jar;E:\mavenrepository\com\fasterxml\jackson\core\jackson-databind\2.10.4\jackson-databind-2.10.4.jar;E:\mavenrepository\com\fasterxml\jackson\core\jackson-annotations\2.10.4\jackson-annotations-2.10.4.jar;E:\mavenrepository\com\fasterxml\jackson\core\jackson-core\2.10.4\jackson-core-2.10.4.jar;E:\mavenrepository\com\fasterxml\jackson\datatype\jackson-datatype-jdk8\2.10.4\jackson-datatype-jdk8-2.10.4.jar;E:\mavenrepository\com\fasterxml\jackson\datatype\jackson-datatype-jsr310\2.10.4\jackson-datatype-jsr310-2.10.4.jar;E:\mavenrepository\com\fasterxml\jackson\module\jackson-module-parameter-names\2.10.4\jackson-module-parameter-names-2.10.4.jar;E:\mavenrepository\org\springframework\boot\spring-boot-starter-tomcat\2.2.7.RELEASE\spring-boot-starter-tomcat-2.2.7.RELEASE.jar;E:\mavenrepository\org\apache\tomcat\embed\tomcat-embed-core\9.0.34\tomcat-embed-core-9.0.34.jar;E:\mavenrepository\org\apache\tomcat\embed\tomcat-embed-el\9.0.34\tomcat-embed-el-9.0.34.jar;E:\mavenrepository\org\apache\tomcat\embed\tomcat-embed-websocket\9.0.34\tomcat-embed-websocket-9.0.34.jar;E:\mavenrepository\org\springframework\boot\spring-boot-starter-validation\2.2.7.RELEASE\spring-boot-starter-validation-2.2.7.RELEASE.jar;E:\mavenrepository\jakarta\validation\jakarta.validation-api\2.0.2\jakarta.validation-api-2.0.2.jar;E:\mavenrepository\org\hibernate\validator\hibernate-validator\6.0.19.Final\hibernate-validator-6.0.19.Final.jar;E:\mavenrepository\org\jboss\logging\jboss-logging\3.4.1.Final\jboss-logging-3.4.1.Final.jar;E:\mavenrepository\com\fasterxml\classmate\1.5.1\classmate-1.5.1.jar;E:\mavenrepository\org\springframework\spring-web\5.2.6.RELEASE\spring-web-5.2.6.RELEASE.jar;E:\mavenrepository\org\springframework\spring-beans\5.2.6.RELEASE\spring-beans-5.2.6.RELEASE.jar;E:\mavenrepository\org\springframework\spring-webmvc\5.2.6.RELEASE\spring-webmvc-5.2.6.RELEASE.jar;E:\mavenrepository\org\springframework\spring-aop\5.2.6.RELEASE\spring-aop-5.2.6.RELEASE.jar;E:\mavenrepository\org\springframework\spring-context\5.2.6.RELEASE\spring-context-5.2.6.RELEASE.jar;E:\mavenrepository\org\springframework\spring-expression\5.2.6.RELEASE\spring-expression-5.2.6.RELEASE.jar;E:\mavenrepository\org\springframework\boot\spring-boot-starter-test\2.2.7.RELEASE\spring-boot-starter-test-2.2.7.RELEASE.jar;E:\mavenrepository\org\springframework\boot\spring-boot-test\2.2.7.RELEASE\spring-boot-test-2.2.7.RELEASE.jar;E:\mavenrepository\org\springframework\boot\spring-boot-test-autoconfigure\2.2.7.RELEASE\spring-boot-test-autoconfigure-2.2.7.RELEASE.jar;E:\mavenrepository\com\jayway\jsonpath\json-path\2.4.0\json-path-2.4.0.jar;E:\mavenrepository\net\minidev\json-smart\2.3\json-smart-2.3.jar;E:\mavenrepository\net\minidev\accessors-smart\1.2\accessors-smart-1.2.jar;E:\mavenrepository\org\ow2\asm\asm\5.0.4\asm-5.0.4.jar;E:\mavenrepository\org\slf4j\slf4j-api\1.7.30\slf4j-api-1.7.30.jar;E:\mavenrepository\jakarta\xml\bind\jakarta.xml.bind-api\2.3.3\jakarta.xml.bind-api-2.3.3.jar;E:\mavenrepository\jakarta\activation\jakarta.activation-api\1.2.2\jakarta.activation-api-1.2.2.jar;E:\mavenrepository\org\junit\jupiter\junit-jupiter\5.5.2\junit-jupiter-5.5.2.jar;E:\mavenrepository\org\junit\jupiter\junit-jupiter-api\5.5.2\junit-jupiter-api-5.5.2.jar;E:\mavenrepository\org\opentest4j\opentest4j\1.2.0\opentest4j-1.2.0.jar;E:\mavenrepository\org\junit\platform\junit-platform-commons\1.5.2\junit-platform-commons-1.5.2.jar;E:\mavenrepository\org\junit\jupiter\junit-jupiter-params\5.5.2\junit-jupiter-params-5.5.2.jar;E:\mavenrepository\org\junit\jupiter\junit-jupiter-engine\5.5.2\junit-jupiter-engine-5.5.2.jar;E:\mavenrepository\org\junit\vintage\junit-vintage-engine\5.5.2\junit-vintage-engine-5.5.2.jar;E:\mavenrepository\org\apiguardian\apiguardian-api\1.1.0\apiguardian-api-1.1.0.jar;E:\mavenrepository\org\junit\platform\junit-platform-engine\1.5.2\junit-platform-engine-1.5.2.jar;E:\mavenrepository\junit\junit\4.12\junit-4.12.jar;E:\mavenrepository\org\mockito\mockito-junit-jupiter\3.1.0\mockito-junit-jupiter-3.1.0.jar;E:\mavenrepository\org\assertj\assertj-core\3.13.2\assertj-core-3.13.2.jar;E:\mavenrepository\org\hamcrest\hamcrest\2.1\hamcrest-2.1.jar;E:\mavenrepository\org\mockito\mockito-core\3.1.0\mockito-core-3.1.0.jar;E:\mavenrepository\net\bytebuddy\byte-buddy\1.10.10\byte-buddy-1.10.10.jar;E:\mavenrepository\net\bytebuddy\byte-buddy-agent\1.10.10\byte-buddy-agent-1.10.10.jar;E:\mavenrepository\org\objenesis\objenesis\2.6\objenesis-2.6.jar;E:\mavenrepository\org\skyscreamer\jsonassert\1.5.0\jsonassert-1.5.0.jar;E:\mavenrepository\com\vaadin\external\google\android-json\0.0.20131108.vaadin1\android-json-0.0.20131108.vaadin1.jar;E:\mavenrepository\org\springframework\spring-core\5.2.6.RELEASE\spring-core-5.2.6.RELEASE.jar;E:\mavenrepository\org\springframework\spring-jcl\5.2.6.RELEASE\spring-jcl-5.2.6.RELEASE.jar;E:\mavenrepository\org\springframework\spring-test\5.2.6.RELEASE\spring-test-5.2.6.RELEASE.jar;E:\mavenrepository\org\xmlunit\xmlunit-core\2.6.4\xmlunit-core-2.6.4.jar;E:\mavenrepository\commons-io\commons-io\2.2\commons-io-2.2.jar;"/>
    <property name="sun.cpu.endian" value="little"/>
    <property name="user.home" value="C:\Users\Administrator"/>
    <property name="user.language" value="zh"/>
    <property name="java.specification.vendor" value="Oracle Corporation"/>
    <property name="java.home" value="E:\Java\jdk1.8.0_45\jre"/>
    <property name="basedir" value="E:\IdeaProjects\springboot-file"/>
    <property name="file.separator" value="\"/>
    <property name="line.separator" value="&#10;"/>
    <property name="java.vm.specification.vendor" value="Oracle Corporation"/>
    <property name="java.specification.name" value="Java Platform API Specification"/>
    <property name="java.awt.graphicsenv" value="sun.awt.Win32GraphicsEnvironment"/>
    <property name="surefire.real.class.path" value="C:\Users\ADMINI~1\AppData\Local\Temp\surefire3031620103510419539\surefirebooter139806583464804649.jar"/>
    <property name="sun.boot.class.path" value="E:\Java\jdk1.8.0_45\jre\lib\resources.jar;E:\Java\jdk1.8.0_45\jre\lib\rt.jar;E:\Java\jdk1.8.0_45\jre\lib\sunrsasign.jar;E:\Java\jdk1.8.0_45\jre\lib\jsse.jar;E:\Java\jdk1.8.0_45\jre\lib\jce.jar;E:\Java\jdk1.8.0_45\jre\lib\charsets.jar;E:\Java\jdk1.8.0_45\jre\lib\jfr.jar;E:\Java\jdk1.8.0_45\jre\classes"/>
    <property name="user.script" value=""/>
    <property name="sun.management.compiler" value="HotSpot 64-Bit Tiered Compilers"/>
    <property name="java.runtime.version" value="1.8.0_45-b14"/>
    <property name="user.name" value="Administrator"/>
    <property name="path.separator" value=";"/>
    <property name="os.version" value="6.1"/>
    <property name="java.endorsed.dirs" value="E:\Java\jdk1.8.0_45\jre\lib\endorsed"/>
    <property name="java.runtime.name" value="Java(TM) SE Runtime Environment"/>
    <property name="file.encoding" value="GBK"/>
    <property name="java.vm.name" value="Java HotSpot(TM) 64-Bit Server VM"/>
    <property name="localRepository" value="E:\mavenrepository"/>
    <property name="java.vendor.url.bug" value="http://bugreport.sun.com/bugreport/"/>
    <property name="java.io.tmpdir" value="C:\Users\ADMINI~1\AppData\Local\Temp\"/>
    <property name="idea.version" value="2017.3.4"/>
    <property name="java.version" value="1.8.0_45"/>
    <property name="user.dir" value="E:\IdeaProjects\springboot-file"/>
    <property name="os.arch" value="amd64"/>
    <property name="java.vm.specification.name" value="Java Virtual Machine Specification"/>
    <property name="java.awt.printerjob" value="sun.awt.windows.WPrinterJob"/>
    <property name="sun.os.patch.level" value="Service Pack 1"/>
    <property name="java.library.path" value="E:\Java\jdk1.8.0_45\jre\bin;C:\Windows\Sun\Java\bin;C:\Windows\system32;C:\Windows;C:\Windows\system32;C:\Windows;C:\Windows\System32\Wbem;C:\Windows\System32\WindowsPowerShell\v1.0\;C:\Program Files (x86)\NVIDIA Corporation\PhysX\Common;E:\Java\jdk1.8.0_45\bin;E:\Java\jdk1.8.0_45\jre\bin;E:\scala\bin;%CATALINA_HOME%\bin;%CATALINA_BASE%\bin;E:\MySQL\MySQL Server 5.5\bin;E:\hadoop-2.7.1\bin;E:\apache-maven-3.3.3\bin;C:\Program Files\Git\cmd;C:\Program Files\VisualSVN Server\bin;E:\TortoiseSVN\bin;E:\software\svn\bin;E:\Python\Python37;E:\nodejs\;C:\Program Files\TortoiseGit\bin;E:\Anaconda3;E:\Anaconda3\Library\mingw-w64\bin;E:\Anaconda3\Library\usr\bin;E:\Anaconda3\Library\bin;E:\Anaconda3\Scripts;C:\Users\Administrator\AppData\Roaming\npm;."/>
    <property name="java.vm.info" value="mixed mode"/>
    <property name="java.vendor" value="Oracle Corporation"/>
    <property name="java.vm.version" value="25.45-b02"/>
    <property name="java.ext.dirs" value="E:\Java\jdk1.8.0_45\jre\lib\ext;C:\Windows\Sun\Java\lib\ext"/>
    <property name="sun.io.unicode.encoding" value="UnicodeLittle"/>
    <property name="maven.repo.local" value="E:\mavenrepository"/>
    <property name="java.class.version" value="52.0"/>
  </properties>
  <testcase name="t" classname="com.pingan.SpringbootFileApplicationTests" time="0.459"/>
  <testcase name="test" classname="com.pingan.SpringbootFileApplicationTests" time="0.004"/>
</testsuite>